<?xml version="1.0" encoding="UTF-8"?>
<!-- Generated by org.testng.reporters.JUnitReportReporter -->
<testsuite hostname="DESKTOP-I27NA7P" failures="0" tests="1" name="Testmethods.TestIIT" time="1.973" errors="1" timestamp="28 Oct 2021 08:32:25 GMT" skipped="0">
  <testcase classname="Testmethods.TestIIT" name="registration" time="1.973">
    <error message="session not created: This version of ChromeDriver only supports Chrome version 91
Current browser version is 95.0.4638.54 with binary path C:\Program Files (x86)\Google\Chrome\Application\chrome.exe
Build info: version: &#039;3.141.59&#039;, revision: &#039;e82be7d358&#039;, time: &#039;2018-11-14T08:17:03&#039;
System info: host: &#039;DESKTOP-I27NA7P&#039;, ip: &#039;192.168.1.10&#039;, os.name: &#039;Windows 10&#039;, os.arch: &#039;amd64&#039;, os.version: &#039;10.0&#039;, java.version: &#039;17&#039;
Driver info: driver.version: ChromeDriver
remote stacktrace: Backtrace:
	Ordinal0 [0x00C42DB3+2502067]
	Ordinal0 [0x00BDC5B1+2082225]
	Ordinal0 [0x00AE2498+1057944]
	Ordinal0 [0x00B005DA+1181146]
	Ordinal0 [0x00AFC43C+1164348]
	Ordinal0 [0x00AF9C73+1154163]
	Ordinal0 [0x00B29A22+1350178]
	Ordinal0 [0x00B2967A+1349242]
	Ordinal0 [0x00B25BEB+1334251]
	Ordinal0 [0x00B02174+1188212]
	Ordinal0 [0x00B03009+1191945]
	GetHandleVerifier [0x00DBEC5C+1511084]
	GetHandleVerifier [0x00E68522+2205554]
	GetHandleVerifier [0x00CC3393+480739]
	GetHandleVerifier [0x00CC2579+477129]
	Ordinal0 [0x00BE1E5D+2104925]
	Ordinal0 [0x00BE63F8+2122744]
	Ordinal0 [0x00BE6537+2123063]
	Ordinal0 [0x00BEEE53+2158163]
	BaseThreadInitThunk [0x77BEFA29+25]
	RtlGetAppContainerNamedObjectPath [0x77D37A9E+286]
	RtlGetAppContainerNamedObjectPath [0x77D37A6E+238]
" type="org.openqa.selenium.SessionNotCreatedException">
      <![CDATA[org.openqa.selenium.SessionNotCreatedException: session not created: This version of ChromeDriver only supports Chrome version 91
Current browser version is 95.0.4638.54 with binary path C:\Program Files (x86)\Google\Chrome\Application\chrome.exe
Build info: version: '3.141.59', revision: 'e82be7d358', time: '2018-11-14T08:17:03'
System info: host: 'DESKTOP-I27NA7P', ip: '192.168.1.10', os.name: 'Windows 10', os.arch: 'amd64', os.version: '10.0', java.version: '17'
Driver info: driver.version: ChromeDriver
remote stacktrace: Backtrace:
Ordinal0 [0x00C42DB3+2502067]
Ordinal0 [0x00BDC5B1+2082225]
Ordinal0 [0x00AE2498+1057944]
Ordinal0 [0x00B005DA+1181146]
Ordinal0 [0x00AFC43C+1164348]
Ordinal0 [0x00AF9C73+1154163]
Ordinal0 [0x00B29A22+1350178]
Ordinal0 [0x00B2967A+1349242]
Ordinal0 [0x00B25BEB+1334251]
Ordinal0 [0x00B02174+1188212]
Ordinal0 [0x00B03009+1191945]
GetHandleVerifier [0x00DBEC5C+1511084]
GetHandleVerifier [0x00E68522+2205554]
GetHandleVerifier [0x00CC3393+480739]
GetHandleVerifier [0x00CC2579+477129]
Ordinal0 [0x00BE1E5D+2104925]
Ordinal0 [0x00BE63F8+2122744]
Ordinal0 [0x00BE6537+2123063]
Ordinal0 [0x00BEEE53+2158163]
BaseThreadInitThunk [0x77BEFA29+25]
RtlGetAppContainerNamedObjectPath [0x77D37A9E+286]
RtlGetAppContainerNamedObjectPath [0x77D37A6E+238]

at java.base/jdk.internal.reflect.NativeConstructorAccessorImpl.newInstance0(Native Method)
at java.base/jdk.internal.reflect.NativeConstructorAccessorImpl.newInstance(NativeConstructorAccessorImpl.java:77)
at java.base/jdk.internal.reflect.DelegatingConstructorAccessorImpl.newInstance(DelegatingConstructorAccessorImpl.java:45)
at java.base/java.lang.reflect.Constructor.newInstanceWithCaller(Constructor.java:499)
at java.base/java.lang.reflect.Constructor.newInstance(Constructor.java:480)
at org.openqa.selenium.remote.W3CHandshakeResponse.lambda$errorHandler$0(W3CHandshakeResponse.java:62)
at org.openqa.selenium.remote.HandshakeResponse.lambda$getResponseFunction$0(HandshakeResponse.java:30)
at org.openqa.selenium.remote.ProtocolHandshake.lambda$createSession$0(ProtocolHandshake.java:126)
at java.base/java.util.stream.ReferencePipeline$3$1.accept(ReferencePipeline.java:197)
at java.base/java.util.Spliterators$ArraySpliterator.tryAdvance(Spliterators.java:1002)
at java.base/java.util.stream.ReferencePipeline.forEachWithCancel(ReferencePipeline.java:129)
at java.base/java.util.stream.AbstractPipeline.copyIntoWithCancel(AbstractPipeline.java:527)
at java.base/java.util.stream.AbstractPipeline.copyInto(AbstractPipeline.java:513)
at java.base/java.util.stream.AbstractPipeline.wrapAndCopyInto(AbstractPipeline.java:499)
at java.base/java.util.stream.FindOps$FindOp.evaluateSequential(FindOps.java:150)
at java.base/java.util.stream.AbstractPipeline.evaluate(AbstractPipeline.java:234)
at java.base/java.util.stream.ReferencePipeline.findFirst(ReferencePipeline.java:647)
at org.openqa.selenium.remote.ProtocolHandshake.createSession(ProtocolHandshake.java:128)
at org.openqa.selenium.remote.ProtocolHandshake.createSession(ProtocolHandshake.java:74)
at org.openqa.selenium.remote.HttpCommandExecutor.execute(HttpCommandExecutor.java:136)
at org.openqa.selenium.remote.service.DriverCommandExecutor.execute(DriverCommandExecutor.java:83)
at org.openqa.selenium.remote.RemoteWebDriver.execute(RemoteWebDriver.java:552)
at org.openqa.selenium.remote.RemoteWebDriver.startSession(RemoteWebDriver.java:213)
at org.openqa.selenium.remote.RemoteWebDriver.<init>(RemoteWebDriver.java:131)
at org.openqa.selenium.chrome.ChromeDriver.<init>(ChromeDriver.java:181)
at org.openqa.selenium.chrome.ChromeDriver.<init>(ChromeDriver.java:168)
at org.openqa.selenium.chrome.ChromeDriver.<init>(ChromeDriver.java:123)
at Testmethods.TestIIT.registration(TestIIT.java:18)
at java.base/jdk.internal.reflect.NativeMethodAccessorImpl.invoke0(Native Method)
at java.base/jdk.internal.reflect.NativeMethodAccessorImpl.invoke(NativeMethodAccessorImpl.java:77)
at java.base/jdk.internal.reflect.DelegatingMethodAccessorImpl.invoke(DelegatingMethodAccessorImpl.java:43)
at java.base/java.lang.reflect.Method.invoke(Method.java:568)
at org.testng.internal.MethodInvocationHelper.invokeMethod(MethodInvocationHelper.java:124)
at org.testng.internal.Invoker.invokeMethod(Invoker.java:583)
at org.testng.internal.Invoker.invokeTestMethod(Invoker.java:719)
at org.testng.internal.Invoker.invokeTestMethods(Invoker.java:989)
at org.testng.internal.TestMethodWorker.invokeTestMethods(TestMethodWorker.java:125)
at org.testng.internal.TestMethodWorker.run(TestMethodWorker.java:109)
at org.testng.TestRunner.privateRun(TestRunner.java:648)
at org.testng.TestRunner.run(TestRunner.java:505)
at org.testng.SuiteRunner.runTest(SuiteRunner.java:455)
at org.testng.SuiteRunner.runSequentially(SuiteRunner.java:450)
at org.testng.SuiteRunner.privateRun(SuiteRunner.java:415)
at org.testng.SuiteRunner.run(SuiteRunner.java:364)
at org.testng.SuiteRunnerWorker.runSuite(SuiteRunnerWorker.java:52)
at org.testng.SuiteRunnerWorker.run(SuiteRunnerWorker.java:84)
at org.testng.TestNG.runSuitesSequentially(TestNG.java:1208)
at org.testng.TestNG.runSuitesLocally(TestNG.java:1137)
at org.testng.TestNG.runSuites(TestNG.java:1049)
at org.testng.TestNG.run(TestNG.java:1017)
at org.testng.remote.AbstractRemoteTestNG.run(AbstractRemoteTestNG.java:115)
at org.testng.remote.RemoteTestNG.initAndRun(RemoteTestNG.java:251)
at org.testng.remote.RemoteTestNG.main(RemoteTestNG.java:77)
]]>
    </error>
  </testcase> <!-- registration -->
</testsuite> <!-- Testmethods.TestIIT -->
